Sun Feb  6 07:31:38 UTC 2022
Mon Feb  7 00:20:22 UTC 2022
Tue Feb  8 00:20:17 UTC 2022
Wed Feb  9 00:20:38 UTC 2022
Thu Feb 10 00:21:55 UTC 2022
Fri Feb 11 00:21:07 UTC 2022
Sat Feb 12 00:22:29 UTC 2022
Sun Feb 13 00:23:21 UTC 2022
Mon Feb 14 00:21:18 UTC 2022
Tue Feb 15 00:21:49 UTC 2022
Wed Feb 16 00:20:57 UTC 2022
Thu Feb 17 00:20:20 UTC 2022
Fri Feb 18 00:24:29 UTC 2022
Sat Feb 19 00:26:33 UTC 2022
Sun Feb 20 00:28:31 UTC 2022
Mon Feb 21 00:24:42 UTC 2022
Tue Feb 22 00:24:05 UTC 2022
Wed Feb 23 00:28:16 UTC 2022
Thu Feb 24 00:25:36 UTC 2022
Fri Feb 25 00:25:43 UTC 2022
Sat Feb 26 00:23:55 UTC 2022
Sun Feb 27 00:26:57 UTC 2022
Mon Feb 28 00:27:09 UTC 2022
Tue Mar  1 00:26:42 UTC 2022
Wed Mar  2 00:26:17 UTC 2022
Thu Mar  3 00:28:36 UTC 2022
Fri Mar  4 00:30:21 UTC 2022
Sat Mar  5 00:27:04 UTC 2022
Sun Mar  6 00:25:57 UTC 2022
Mon Mar  7 00:26:08 UTC 2022
Tue Mar  8 00:25:50 UTC 2022
Wed Mar  9 00:26:41 UTC 2022
Thu Mar 10 00:25:07 UTC 2022
Fri Mar 11 00:30:33 UTC 2022
Sat Mar 12 00:24:40 UTC 2022
Sun Mar 13 00:25:47 UTC 2022
Mon Mar 14 00:30:11 UTC 2022
Tue Mar 15 00:26:58 UTC 2022
Wed Mar 16 00:26:11 UTC 2022
Thu Mar 17 00:25:47 UTC 2022
Fri Mar 18 00:27:08 UTC 2022
Sat Mar 19 00:25:24 UTC 2022
Sun Mar 20 00:27:14 UTC 2022
Mon Mar 21 00:27:34 UTC 2022
Tue Mar 22 00:28:21 UTC 2022
Wed Mar 23 00:31:53 UTC 2022
Thu Mar 24 00:27:54 UTC 2022
Fri Mar 25 00:26:38 UTC 2022
Sat Mar 26 00:27:01 UTC 2022
Sun Mar 27 00:32:19 UTC 2022
Mon Mar 28 00:28:14 UTC 2022
Tue Mar 29 00:33:04 UTC 2022
Wed Mar 30 00:28:04 UTC 2022
Thu Mar 31 00:28:15 UTC 2022
Fri Apr  1 00:32:04 UTC 2022
Sat Apr  2 00:28:01 UTC 2022
Sun Apr  3 00:30:07 UTC 2022
Mon Apr  4 00:28:34 UTC 2022
Tue Apr  5 00:28:50 UTC 2022
Wed Apr  6 00:29:44 UTC 2022
Thu Apr  7 00:32:22 UTC 2022
Fri Apr  8 00:31:22 UTC 2022
Sat Apr  9 00:28:58 UTC 2022
Sun Apr 10 00:28:29 UTC 2022
Mon Apr 11 00:29:52 UTC 2022
Tue Apr 12 00:27:36 UTC 2022
Wed Apr 13 00:30:31 UTC 2022
Thu Apr 14 00:35:25 UTC 2022
Fri Apr 15 00:29:35 UTC 2022
Sat Apr 16 00:29:57 UTC 2022
Sun Apr 17 00:33:28 UTC 2022
Mon Apr 18 00:35:53 UTC 2022
Tue Apr 19 00:28:10 UTC 2022
Wed Apr 20 00:33:52 UTC 2022
Thu Apr 21 00:32:42 UTC 2022
Fri Apr 22 00:34:53 UTC 2022
Sat Apr 23 00:30:32 UTC 2022
Sun Apr 24 00:29:29 UTC 2022
Mon Apr 25 00:28:22 UTC 2022
Tue Apr 26 00:33:22 UTC 2022
Wed Apr 27 00:37:18 UTC 2022
Thu Apr 28 00:42:08 UTC 2022
Fri Apr 29 00:32:22 UTC 2022
Sat Apr 30 00:36:48 UTC 2022
Sun May  1 00:40:42 UTC 2022
Mon May  2 00:32:06 UTC 2022
Tue May  3 00:33:33 UTC 2022
Wed May  4 00:33:16 UTC 2022
Thu May  5 00:32:05 UTC 2022
Fri May  6 00:31:09 UTC 2022
Sat May  7 00:30:44 UTC 2022
Sun May  8 00:30:53 UTC 2022
Mon May  9 00:31:39 UTC 2022
Tue May 10 00:34:31 UTC 2022
Wed May 11 00:33:41 UTC 2022
Thu May 12 00:33:14 UTC 2022
Fri May 13 00:40:24 UTC 2022
Sat May 14 00:39:11 UTC 2022
Sun May 15 00:42:53 UTC 2022
Mon May 16 00:34:06 UTC 2022
Tue May 17 00:33:02 UTC 2022
Wed May 18 00:29:06 UTC 2022
Thu May 19 00:37:54 UTC 2022
Fri May 20 00:32:29 UTC 2022
Sat May 21 00:32:03 UTC 2022
Sun May 22 00:34:11 UTC 2022
Mon May 23 00:34:40 UTC 2022
Tue May 24 00:36:26 UTC 2022
Wed May 25 00:35:59 UTC 2022
Thu May 26 00:38:24 UTC 2022
Fri May 27 00:34:30 UTC 2022
Sat May 28 00:35:01 UTC 2022
Sun May 29 00:33:54 UTC 2022
Mon May 30 00:39:04 UTC 2022
Tue May 31 00:34:04 UTC 2022
Wed Jun  1 00:37:46 UTC 2022
Thu Jun  2 00:40:16 UTC 2022
Fri Jun  3 00:29:01 UTC 2022
Sat Jun  4 00:34:05 UTC 2022
Sun Jun  5 00:38:46 UTC 2022
Mon Jun  6 00:34:05 UTC 2022
Tue Jun  7 00:26:44 UTC 2022
Wed Jun  8 00:33:30 UTC 2022
Thu Jun  9 00:35:40 UTC 2022
Fri Jun 10 00:37:37 UTC 2022
Sat Jun 11 00:34:00 UTC 2022
Sun Jun 12 00:34:02 UTC 2022
Mon Jun 13 00:37:26 UTC 2022
Tue Jun 14 00:40:12 UTC 2022
Wed Jun 15 00:36:47 UTC 2022
Thu Jun 16 00:34:47 UTC 2022
Fri Jun 17 01:22:58 UTC 2022
Sat Jun 18 01:27:39 UTC 2022
Sun Jun 19 01:42:26 UTC 2022
Mon Jun 20 01:38:39 UTC 2022
Tue Jun 21 01:40:24 UTC 2022
Wed Jun 22 01:47:58 UTC 2022
Thu Jun 23 01:23:49 UTC 2022
Fri Jun 24 01:39:12 UTC 2022
Sat Jun 25 01:42:11 UTC 2022
Sun Jun 26 01:45:59 UTC 2022
Mon Jun 27 01:47:52 UTC 2022
Tue Jun 28 01:43:40 UTC 2022
Wed Jun 29 01:44:03 UTC 2022
Thu Jun 30 01:41:35 UTC 2022
Fri Jul  1 01:52:46 UTC 2022
Sat Jul  2 01:39:53 UTC 2022
Sun Jul  3 01:50:00 UTC 2022
Mon Jul  4 01:53:34 UTC 2022
Tue Jul  5 01:42:28 UTC 2022
Wed Jul  6 01:54:30 UTC 2022
Thu Jul  7 01:48:21 UTC 2022
Fri Jul  8 01:47:22 UTC 2022
Sat Jul  9 01:24:06 UTC 2022
Sun Jul 10 01:54:01 UTC 2022
Mon Jul 11 01:43:53 UTC 2022
Tue Jul 12 01:49:17 UTC 2022
Wed Jul 13 01:43:21 UTC 2022
Thu Jul 14 01:48:57 UTC 2022
Fri Jul 15 01:56:37 UTC 2022
Sat Jul 16 01:44:28 UTC 2022
Sun Jul 17 01:51:27 UTC 2022
Mon Jul 18 01:46:38 UTC 2022
Tue Jul 19 01:58:04 UTC 2022
Wed Jul 20 01:43:33 UTC 2022
Thu Jul 21 01:46:37 UTC 2022
Fri Jul 22 01:48:32 UTC 2022
Sat Jul 23 01:45:03 UTC 2022
Sun Jul 24 01:54:29 UTC 2022
Mon Jul 25 01:46:08 UTC 2022
Tue Jul 26 01:53:47 UTC 2022
Wed Jul 27 01:47:59 UTC 2022
Thu Jul 28 01:44:35 UTC 2022
Fri Jul 29 01:53:00 UTC 2022
Sat Jul 30 01:44:22 UTC 2022
Sun Jul 31 01:56:29 UTC 2022
Mon Aug  1 01:55:20 UTC 2022
Tue Aug  2 01:59:51 UTC 2022
Wed Aug  3 01:47:14 UTC 2022
Thu Aug  4 01:43:29 UTC 2022
Fri Aug  5 01:44:26 UTC 2022
Sat Aug  6 01:24:49 UTC 2022
Sun Aug  7 01:46:35 UTC 2022
Mon Aug  8 01:38:16 UTC 2022
Tue Aug  9 01:54:31 UTC 2022
Wed Aug 10 01:35:22 UTC 2022
Thu Aug 11 01:37:06 UTC 2022
Fri Aug 12 01:40:08 UTC 2022
Sat Aug 13 01:24:31 UTC 2022
Sun Aug 14 01:48:34 UTC 2022
Mon Aug 15 01:51:12 UTC 2022
Tue Aug 16 01:51:28 UTC 2022
Wed Aug 17 01:58:19 UTC 2022
Thu Aug 18 01:54:13 UTC 2022
Fri Aug 19 01:50:03 UTC 2022
Sat Aug 20 01:46:04 UTC 2022
Sun Aug 21 01:43:48 UTC 2022
Mon Aug 22 01:47:54 UTC 2022
Tue Aug 23 01:55:15 UTC 2022
Wed Aug 24 01:52:53 UTC 2022
Thu Aug 25 01:54:18 UTC 2022
Fri Aug 26 01:57:09 UTC 2022
Sat Aug 27 01:54:22 UTC 2022
Sun Aug 28 02:02:06 UTC 2022
Mon Aug 29 02:02:59 UTC 2022
Tue Aug 30 02:05:21 UTC 2022
Wed Aug 31 02:12:08 UTC 2022
Thu Sep  1 01:49:30 UTC 2022
Fri Sep  2 01:54:51 UTC 2022
Sat Sep  3 01:56:01 UTC 2022
Sun Sep  4 01:53:38 UTC 2022
Mon Sep  5 02:02:51 UTC 2022
Tue Sep  6 02:06:03 UTC 2022
Wed Sep  7 02:01:07 UTC 2022
Thu Sep  8 01:58:06 UTC 2022
Fri Sep  9 02:03:55 UTC 2022
Sat Sep 10 02:01:42 UTC 2022
Sun Sep 11 01:59:39 UTC 2022
Mon Sep 12 02:07:04 UTC 2022
Tue Sep 13 02:03:05 UTC 2022
Wed Sep 14 01:56:49 UTC 2022
Thu Sep 15 02:05:15 UTC 2022
Fri Sep 16 02:08:15 UTC 2022
Sat Sep 17 01:52:00 UTC 2022
Sun Sep 18 02:13:50 UTC 2022
Mon Sep 19 02:06:24 UTC 2022
Tue Sep 20 01:59:07 UTC 2022
Wed Sep 21 02:09:59 UTC 2022
Thu Sep 22 01:59:06 UTC 2022
Fri Sep 23 02:04:22 UTC 2022
Sat Sep 24 02:01:48 UTC 2022
Sun Sep 25 02:01:20 UTC 2022
Mon Sep 26 02:02:37 UTC 2022
Tue Sep 27 01:58:23 UTC 2022
Wed Sep 28 01:58:58 UTC 2022
Thu Sep 29 02:07:12 UTC 2022
Fri Sep 30 02:24:35 UTC 2022
Sat Oct  1 02:14:45 UTC 2022
Sun Oct  2 02:05:31 UTC 2022
Mon Oct  3 01:45:52 UTC 2022
Tue Oct  4 01:55:10 UTC 2022
Wed Oct  5 01:53:15 UTC 2022
Thu Oct  6 01:46:20 UTC 2022
Fri Oct  7 01:58:23 UTC 2022
Sat Oct  8 01:43:00 UTC 2022
Sun Oct  9 01:56:27 UTC 2022
Mon Oct 10 02:01:46 UTC 2022
Tue Oct 11 01:56:03 UTC 2022
Wed Oct 12 02:09:58 UTC 2022
Thu Oct 13 01:58:38 UTC 2022
Fri Oct 14 02:12:47 UTC 2022
Sat Oct 15 02:04:16 UTC 2022
Sun Oct 16 02:10:12 UTC 2022
Mon Oct 17 02:17:29 UTC 2022
Tue Oct 18 02:04:52 UTC 2022
Wed Oct 19 01:59:56 UTC 2022
Thu Oct 20 01:59:50 UTC 2022
Fri Oct 21 01:44:16 UTC 2022
Sat Oct 22 01:53:17 UTC 2022
Sun Oct 23 01:57:59 UTC 2022
Mon Oct 24 02:17:49 UTC 2022
Tue Oct 25 02:07:37 UTC 2022
Wed Oct 26 01:49:25 UTC 2022
Thu Oct 27 01:46:53 UTC 2022
Fri Oct 28 01:54:49 UTC 2022
Sat Oct 29 01:40:11 UTC 2022
Sun Oct 30 01:58:03 UTC 2022
Mon Oct 31 01:58:20 UTC 2022
Tue Nov  1 02:04:19 UTC 2022
Wed Nov  2 01:56:06 UTC 2022
Thu Nov  3 01:42:39 UTC 2022
Fri Nov  4 01:47:55 UTC 2022
Sat Nov  5 01:41:41 UTC 2022
Sun Nov  6 01:43:12 UTC 2022
Mon Nov  7 01:39:12 UTC 2022
Tue Nov  8 01:38:54 UTC 2022
Wed Nov  9 01:49:21 UTC 2022
Thu Nov 10 01:42:19 UTC 2022
Fri Nov 11 01:42:21 UTC 2022
Sat Nov 12 01:38:10 UTC 2022
Sun Nov 13 01:37:30 UTC 2022
Mon Nov 14 01:37:40 UTC 2022
Tue Nov 15 01:27:34 UTC 2022
Wed Nov 16 01:27:08 UTC 2022
Thu Nov 17 01:28:27 UTC 2022
Fri Nov 18 01:39:30 UTC 2022
Sat Nov 19 01:28:08 UTC 2022
Sun Nov 20 01:39:45 UTC 2022
Mon Nov 21 01:27:33 UTC 2022
Tue Nov 22 01:37:32 UTC 2022
Wed Nov 23 01:19:49 UTC 2022
Thu Nov 24 01:24:25 UTC 2022
Fri Nov 25 01:19:24 UTC 2022
Sat Nov 26 01:15:48 UTC 2022
Sun Nov 27 01:24:50 UTC 2022
Mon Nov 28 01:17:27 UTC 2022
Tue Nov 29 01:19:30 UTC 2022
Wed Nov 30 01:19:34 UTC 2022
Thu Dec  1 01:27:51 UTC 2022
Fri Dec  2 01:14:12 UTC 2022
Sat Dec  3 01:10:49 UTC 2022
Sun Dec  4 01:15:42 UTC 2022
Mon Dec  5 01:14:25 UTC 2022
Tue Dec  6 01:12:47 UTC 2022
Wed Dec  7 01:16:19 UTC 2022
Thu Dec  8 01:13:46 UTC 2022
Fri Dec  9 01:16:21 UTC 2022
Sat Dec 10 01:10:13 UTC 2022
Sun Dec 11 01:19:58 UTC 2022
Mon Dec 12 01:15:42 UTC 2022
Tue Dec 13 01:18:17 UTC 2022
Wed Dec 14 01:14:34 UTC 2022
Thu Dec 15 01:16:01 UTC 2022
Fri Dec 16 01:10:04 UTC 2022
Sat Dec 17 01:08:46 UTC 2022
Sun Dec 18 01:10:27 UTC 2022
Mon Dec 19 01:08:23 UTC 2022
Tue Dec 20 01:12:04 UTC 2022
Wed Dec 21 01:07:26 UTC 2022
Thu Dec 22 01:11:20 UTC 2022
Fri Dec 23 01:09:26 UTC 2022
Sat Dec 24 01:04:49 UTC 2022
Sun Dec 25 01:13:49 UTC 2022
Mon Dec 26 01:11:19 UTC 2022
Tue Dec 27 01:10:29 UTC 2022
Wed Dec 28 01:09:27 UTC 2022
Thu Dec 29 01:12:21 UTC 2022
Fri Dec 30 01:11:52 UTC 2022
Sat Dec 31 01:09:07 UTC 2022
Sun Jan  1 01:22:00 UTC 2023
Mon Jan  2 01:10:50 UTC 2023
Tue Jan  3 01:10:24 UTC 2023
Wed Jan  4 01:12:30 UTC 2023
Thu Jan  5 01:14:25 UTC 2023
Fri Jan  6 01:14:25 UTC 2023
Sat Jan  7 01:11:27 UTC 2023
Sun Jan  8 01:17:09 UTC 2023
Mon Jan  9 01:12:08 UTC 2023
Tue Jan 10 01:15:56 UTC 2023
Wed Jan 11 01:13:50 UTC 2023
Thu Jan 12 01:14:23 UTC 2023
Fri Jan 13 01:15:19 UTC 2023
Sat Jan 14 01:09:09 UTC 2023
Sun Jan 15 01:16:48 UTC 2023
Mon Jan 16 01:13:01 UTC 2023
Tue Jan 17 01:12:24 UTC 2023
Wed Jan 18 01:16:04 UTC 2023
Thu Jan 19 01:15:53 UTC 2023
Fri Jan 20 01:14:19 UTC 2023
Sat Jan 21 01:14:04 UTC 2023
Sun Jan 22 01:16:40 UTC 2023
Mon Jan 23 01:11:27 UTC 2023
Tue Jan 24 01:15:04 UTC 2023
Wed Jan 25 01:11:40 UTC 2023
Thu Jan 26 01:12:26 UTC 2023
Fri Jan 27 01:15:03 UTC 2023
Sat Jan 28 01:14:11 UTC 2023
Sun Jan 29 01:19:12 UTC 2023
Mon Jan 30 01:10:27 UTC 2023
Tue Jan 31 01:16:17 UTC 2023
Wed Feb  1 01:23:38 UTC 2023
Thu Feb  2 01:15:22 UTC 2023
Fri Feb  3 01:17:22 UTC 2023
Sat Feb  4 01:11:56 UTC 2023
Sun Feb  5 01:19:30 UTC 2023
Mon Feb  6 01:12:06 UTC 2023
Tue Feb  7 01:13:27 UTC 2023
Wed Feb  8 01:15:35 UTC 2023
Thu Feb  9 01:14:26 UTC 2023
Fri Feb 10 01:18:40 UTC 2023
Sat Feb 11 01:10:01 UTC 2023
Sun Feb 12 01:19:29 UTC 2023
Mon Feb 13 01:16:58 UTC 2023
Tue Feb 14 01:17:31 UTC 2023
Wed Feb 15 01:17:31 UTC 2023
Thu Feb 16 01:17:06 UTC 2023
Fri Feb 17 01:19:47 UTC 2023
Sat Feb 18 01:14:54 UTC 2023
Sun Feb 19 01:18:34 UTC 2023
Mon Feb 20 01:17:46 UTC 2023
Tue Feb 21 01:18:48 UTC 2023
Wed Feb 22 01:14:43 UTC 2023
Thu Feb 23 01:14:08 UTC 2023
Fri Feb 24 01:16:08 UTC 2023
Sat Feb 25 01:15:57 UTC 2023
Sun Feb 26 01:23:46 UTC 2023
Mon Feb 27 01:16:25 UTC 2023
Tue Feb 28 01:16:17 UTC 2023
Wed Mar  1 01:24:18 UTC 2023
Thu Mar  2 01:21:25 UTC 2023
Fri Mar  3 03:13:13 UTC 2023
Sat Mar  4 01:16:38 UTC 2023
Sun Mar  5 01:27:06 UTC 2023
Mon Mar  6 01:17:29 UTC 2023
Tue Mar  7 01:24:15 UTC 2023
Wed Mar  8 01:21:06 UTC 2023
Thu Mar  9 01:21:44 UTC 2023
Fri Mar 10 01:19:51 UTC 2023
Sat Mar 11 01:08:46 UTC 2023
Sun Mar 12 01:19:10 UTC 2023
Mon Mar 13 01:14:09 UTC 2023
Tue Mar 14 01:04:39 UTC 2023
Wed Mar 15 01:13:44 UTC 2023
Thu Mar 16 01:15:00 UTC 2023
Fri Mar 17 01:13:25 UTC 2023
Sat Mar 18 01:12:15 UTC 2023
Sun Mar 19 01:19:49 UTC 2023
Mon Mar 20 01:15:42 UTC 2023
Tue Mar 21 01:09:25 UTC 2023
Wed Mar 22 01:09:38 UTC 2023
Thu Mar 23 01:09:27 UTC 2023
Fri Mar 24 01:09:33 UTC 2023
Sat Mar 25 01:07:35 UTC 2023
Sun Mar 26 01:15:07 UTC 2023
Mon Mar 27 01:08:52 UTC 2023
Tue Mar 28 01:12:54 UTC 2023
Wed Mar 29 01:16:21 UTC 2023
Thu Mar 30 01:12:03 UTC 2023
Fri Mar 31 01:11:35 UTC 2023
Sat Apr  1 01:10:34 UTC 2023
Sun Apr  2 01:11:20 UTC 2023
Mon Apr  3 01:06:11 UTC 2023
Tue Apr  4 01:13:03 UTC 2023
Wed Apr  5 00:57:27 UTC 2023
Thu Apr  6 01:05:02 UTC 2023
Fri Apr  7 01:02:39 UTC 2023
Sat Apr  8 01:04:55 UTC 2023
Sun Apr  9 01:09:04 UTC 2023
Mon Apr 10 01:06:44 UTC 2023
Tue Apr 11 01:07:07 UTC 2023
Wed Apr 12 01:07:08 UTC 2023
Thu Apr 13 01:05:31 UTC 2023
Fri Apr 14 01:07:49 UTC 2023
Sat Apr 15 01:09:20 UTC 2023
Sun Apr 16 01:11:52 UTC 2023
Mon Apr 17 01:09:08 UTC 2023
Tue Apr 18 01:06:54 UTC 2023
Wed Apr 19 01:09:31 UTC 2023
Thu Apr 20 01:06:51 UTC 2023
Fri Apr 21 01:07:06 UTC 2023
Sat Apr 22 01:08:22 UTC 2023
Sun Apr 23 01:15:04 UTC 2023
Mon Apr 24 01:09:38 UTC 2023
Tue Apr 25 01:09:55 UTC 2023
Wed Apr 26 01:09:18 UTC 2023
Thu Apr 27 01:09:49 UTC 2023
Fri Apr 28 01:09:17 UTC 2023
Sat Apr 29 01:08:03 UTC 2023
Sun Apr 30 01:13:40 UTC 2023
Mon May  1 01:12:33 UTC 2023
Tue May  2 01:08:59 UTC 2023
Wed May  3 01:08:59 UTC 2023
Thu May  4 01:07:23 UTC 2023
Fri May  5 01:02:37 UTC 2023
Sat May  6 01:03:16 UTC 2023
Sun May  7 01:13:10 UTC 2023
Mon May  8 01:06:42 UTC 2023
Tue May  9 01:10:01 UTC 2023
Wed May 10 01:07:26 UTC 2023
Thu May 11 01:08:47 UTC 2023
Fri May 12 01:08:36 UTC 2023
Sat May 13 01:06:05 UTC 2023
Sun May 14 01:12:04 UTC 2023
Mon May 15 01:10:54 UTC 2023
Tue May 16 01:09:37 UTC 2023
Wed May 17 01:11:28 UTC 2023
Thu May 18 01:08:25 UTC 2023
Fri May 19 01:09:58 UTC 2023
Sat May 20 01:07:05 UTC 2023
Sun May 21 01:13:36 UTC 2023
Mon May 22 01:12:22 UTC 2023
Tue May 23 01:09:00 UTC 2023
Wed May 24 01:12:13 UTC 2023
Thu May 25 01:09:52 UTC 2023
Fri May 26 01:09:00 UTC 2023
Sat May 27 01:10:21 UTC 2023
Sun May 28 01:17:52 UTC 2023
Mon May 29 01:12:35 UTC 2023
Tue May 30 01:12:30 UTC 2023
Wed May 31 01:21:37 UTC 2023
Thu Jun  1 01:45:53 UTC 2023
Fri Jun  2 01:21:25 UTC 2023
Sat Jun  3 01:19:45 UTC 2023
Sun Jun  4 01:41:12 UTC 2023
Mon Jun  5 01:20:50 UTC 2023
Tue Jun  6 01:21:35 UTC 2023
Wed Jun  7 01:23:31 UTC 2023
Thu Jun  8 01:20:23 UTC 2023
Fri Jun  9 01:22:30 UTC 2023
Sat Jun 10 01:15:08 UTC 2023
Sun Jun 11 01:36:30 UTC 2023
Mon Jun 12 01:22:02 UTC 2023
Tue Jun 13 01:18:31 UTC 2023
Wed Jun 14 01:16:35 UTC 2023
Thu Jun 15 01:15:46 UTC 2023
Fri Jun 16 01:16:50 UTC 2023
Sat Jun 17 01:12:39 UTC 2023
Sun Jun 18 01:26:28 UTC 2023
Mon Jun 19 01:17:09 UTC 2023
Tue Jun 20 01:14:03 UTC 2023
Wed Jun 21 01:16:18 UTC 2023
Thu Jun 22 01:17:36 UTC 2023
Fri Jun 23 01:25:29 UTC 2023
Sat Jun 24 01:24:43 UTC 2023
Sun Jun 25 01:42:55 UTC 2023
Mon Jun 26 01:26:20 UTC 2023
Tue Jun 27 01:26:45 UTC 2023
Wed Jun 28 01:26:42 UTC 2023
Thu Jun 29 01:23:39 UTC 2023
Fri Jun 30 01:21:56 UTC 2023
Sat Jul  1 01:40:43 UTC 2023
Sun Jul  2 01:43:04 UTC 2023
Mon Jul  3 01:27:07 UTC 2023
Tue Jul  4 01:25:31 UTC 2023
Wed Jul  5 01:26:18 UTC 2023
Thu Jul  6 01:26:51 UTC 2023
Fri Jul  7 01:27:27 UTC 2023
Sat Jul  8 01:26:26 UTC 2023
Sun Jul  9 01:40:26 UTC 2023
Mon Jul 10 01:25:14 UTC 2023
Tue Jul 11 01:19:07 UTC 2023
Wed Jul 12 01:24:39 UTC 2023
Thu Jul 13 01:27:38 UTC 2023
Fri Jul 14 01:26:48 UTC 2023
Sat Jul 15 01:25:58 UTC 2023
Sun Jul 16 01:45:02 UTC 2023
Mon Jul 17 01:38:47 UTC 2023
Tue Jul 18 01:47:31 UTC 2023
Wed Jul 19 02:36:01 UTC 2023
Thu Jul 20 01:13:17 UTC 2023
Fri Jul 21 01:14:07 UTC 2023
Sat Jul 22 01:13:20 UTC 2023
Sun Jul 23 01:18:12 UTC 2023
Mon Jul 24 01:14:12 UTC 2023
Tue Jul 25 01:19:19 UTC 2023
Wed Jul 26 01:15:26 UTC 2023
Thu Jul 27 01:05:48 UTC 2023
Fri Jul 28 01:06:42 UTC 2023
Sat Jul 29 01:07:32 UTC 2023
Sun Jul 30 01:10:16 UTC 2023
Mon Jul 31 01:10:26 UTC 2023
Tue Aug  1 01:14:21 UTC 2023
Wed Aug  2 01:05:52 UTC 2023
Thu Aug  3 01:07:47 UTC 2023
Fri Aug  4 01:10:11 UTC 2023
Sat Aug  5 01:06:41 UTC 2023
Sun Aug  6 01:02:57 UTC 2023
Mon Aug  7 01:08:59 UTC 2023
Tue Aug  8 01:06:11 UTC 2023
Wed Aug  9 01:10:15 UTC 2023
Thu Aug 10 01:09:39 UTC 2023
Fri Aug 11 00:55:49 UTC 2023
Sat Aug 12 00:55:05 UTC 2023
Sun Aug 13 00:59:04 UTC 2023
Mon Aug 14 00:57:14 UTC 2023
Tue Aug 15 00:56:25 UTC 2023
Wed Aug 16 00:56:28 UTC 2023
Thu Aug 17 00:55:32 UTC 2023
Fri Aug 18 00:56:05 UTC 2023
Sat Aug 19 00:54:31 UTC 2023
Mon Aug 21 00:56:31 UTC 2023
Tue Aug 22 00:57:14 UTC 2023
Wed Aug 23 00:56:21 UTC 2023
Thu Aug 24 00:56:12 UTC 2023
Fri Aug 25 00:57:37 UTC 2023
Sat Aug 26 00:55:12 UTC 2023
Sun Aug 27 01:00:23 UTC 2023
Mon Aug 28 00:58:05 UTC 2023
Tue Aug 29 00:57:51 UTC 2023
Wed Aug 30 00:57:37 UTC 2023
Thu Aug 31 00:57:48 UTC 2023
Fri Sep  1 01:01:33 UTC 2023
Sat Sep  2 00:55:46 UTC 2023
Sun Sep  3 01:00:49 UTC 2023
Mon Sep  4 00:58:34 UTC 2023
Tue Sep  5 00:56:50 UTC 2023
Wed Sep  6 00:57:48 UTC 2023
Thu Sep  7 00:57:15 UTC 2023
Fri Sep  8 00:57:37 UTC 2023
Sat Sep  9 00:56:08 UTC 2023
Sun Sep 10 01:01:11 UTC 2023
Mon Sep 11 00:58:05 UTC 2023
Tue Sep 12 00:56:28 UTC 2023
Wed Sep 13 00:59:06 UTC 2023
Thu Sep 14 00:57:38 UTC 2023
Fri Sep 15 00:58:48 UTC 2023
Sat Sep 16 00:56:53 UTC 2023
Sun Sep 17 01:01:23 UTC 2023
Mon Sep 18 00:58:30 UTC 2023
Tue Sep 19 00:58:45 UTC 2023
Wed Sep 20 00:58:23 UTC 2023
Thu Sep 21 00:58:03 UTC 2023
Fri Sep 22 00:58:44 UTC 2023
Sat Sep 23 00:56:44 UTC 2023
Sun Sep 24 01:01:47 UTC 2023
Mon Sep 25 00:59:06 UTC 2023
Tue Sep 26 00:59:13 UTC 2023
Wed Sep 27 00:59:09 UTC 2023
Thu Sep 28 00:58:32 UTC 2023
Fri Sep 29 00:58:47 UTC 2023
Sat Sep 30 00:57:22 UTC 2023
Sun Oct  1 01:06:39 UTC 2023
Mon Oct  2 00:59:43 UTC 2023
Tue Oct  3 00:59:30 UTC 2023
Wed Oct  4 00:59:51 UTC 2023
Thu Oct  5 00:59:09 UTC 2023
Fri Oct  6 00:58:59 UTC 2023
Sat Oct  7 00:58:14 UTC 2023
Sun Oct  8 01:03:02 UTC 2023
Mon Oct  9 00:59:15 UTC 2023
Tue Oct 10 00:58:41 UTC 2023
Wed Oct 11 00:58:44 UTC 2023
Thu Oct 12 00:57:10 UTC 2023
Fri Oct 13 01:00:45 UTC 2023
Sat Oct 14 00:57:31 UTC 2023
Sun Oct 15 01:03:20 UTC 2023
Mon Oct 16 01:00:18 UTC 2023
Tue Oct 17 00:59:38 UTC 2023
Wed Oct 18 00:59:26 UTC 2023
Thu Oct 19 00:59:11 UTC 2023
Fri Oct 20 00:59:09 UTC 2023
Sat Oct 21 00:57:20 UTC 2023
Sun Oct 22 01:03:21 UTC 2023
Mon Oct 23 00:59:35 UTC 2023
Tue Oct 24 00:58:56 UTC 2023
Wed Oct 25 00:58:59 UTC 2023
Thu Oct 26 00:57:54 UTC 2023
Fri Oct 27 00:58:13 UTC 2023
Sat Oct 28 00:57:00 UTC 2023
Sun Oct 29 01:02:36 UTC 2023
Mon Oct 30 00:59:42 UTC 2023
Tue Oct 31 00:59:36 UTC 2023
Wed Nov  1 01:03:02 UTC 2023
Thu Nov  2 00:59:19 UTC 2023
Fri Nov  3 00:59:48 UTC 2023
Sat Nov  4 00:59:01 UTC 2023
Sun Nov  5 01:03:51 UTC 2023
Mon Nov  6 01:01:51 UTC 2023
Tue Nov  7 01:00:49 UTC 2023
Wed Nov  8 01:00:06 UTC 2023
Thu Nov  9 01:00:05 UTC 2023
Fri Nov 10 01:00:14 UTC 2023
Sat Nov 11 00:59:16 UTC 2023
Sun Nov 12 01:04:26 UTC 2023
Mon Nov 13 01:02:10 UTC 2023
Tue Nov 14 01:00:16 UTC 2023
Wed Nov 15 01:01:40 UTC 2023
Thu Nov 16 01:02:47 UTC 2023
Fri Nov 17 01:02:26 UTC 2023
Sat Nov 18 01:01:31 UTC 2023
Sun Nov 19 01:06:37 UTC 2023
Mon Nov 20 01:03:08 UTC 2023
Tue Nov 21 01:03:28 UTC 2023
Wed Nov 22 01:04:37 UTC 2023
Thu Nov 23 01:02:04 UTC 2023
Fri Nov 24 01:00:34 UTC 2023
Sat Nov 25 00:59:35 UTC 2023
Sun Nov 26 01:05:46 UTC 2023
Mon Nov 27 01:02:35 UTC 2023
Tue Nov 28 01:03:05 UTC 2023
Wed Nov 29 01:03:11 UTC 2023
Thu Nov 30 01:02:19 UTC 2023
Fri Dec  1 01:08:01 UTC 2023
Sat Dec  2 00:59:42 UTC 2023
Sun Dec  3 01:05:46 UTC 2023
Mon Dec  4 01:03:09 UTC 2023
Tue Dec  5 01:03:18 UTC 2023
Wed Dec  6 01:03:14 UTC 2023
Thu Dec  7 01:02:43 UTC 2023
Fri Dec  8 01:03:25 UTC 2023
Sat Dec  9 01:01:17 UTC 2023
Sun Dec 10 01:07:00 UTC 2023
Mon Dec 11 01:03:34 UTC 2023
Tue Dec 12 01:03:19 UTC 2023
Wed Dec 13 01:02:57 UTC 2023
Thu Dec 14 01:02:01 UTC 2023
Fri Dec 15 01:03:34 UTC 2023
Sat Dec 16 01:02:04 UTC 2023
Sun Dec 17 01:06:56 UTC 2023
Mon Dec 18 01:03:46 UTC 2023
Tue Dec 19 01:02:26 UTC 2023
Wed Dec 20 00:51:27 UTC 2023
Thu Dec 21 01:01:46 UTC 2023
Fri Dec 22 01:01:09 UTC 2023
Sat Dec 23 00:59:10 UTC 2023
Sun Dec 24 01:05:34 UTC 2023
Mon Dec 25 01:02:53 UTC 2023
Tue Dec 26 01:00:02 UTC 2023
Wed Dec 27 01:00:06 UTC 2023
Thu Dec 28 00:59:49 UTC 2023
Fri Dec 29 00:51:47 UTC 2023
Sat Dec 30 00:59:47 UTC 2023
Sun Dec 31 01:06:04 UTC 2023
Mon Jan  1 01:07:53 UTC 2024
Tue Jan  2 01:00:43 UTC 2024
Wed Jan  3 01:02:01 UTC 2024
Thu Jan  4 01:02:15 UTC 2024
Fri Jan  5 01:02:27 UTC 2024
Sat Jan  6 01:01:25 UTC 2024
Sun Jan  7 01:08:00 UTC 2024
Mon Jan  8 01:03:53 UTC 2024
Tue Jan  9 01:03:54 UTC 2024
Wed Jan 10 01:03:39 UTC 2024
Thu Jan 11 01:03:42 UTC 2024
Fri Jan 12 01:03:58 UTC 2024
Sat Jan 13 01:02:55 UTC 2024
Sun Jan 14 01:08:15 UTC 2024
Mon Jan 15 01:05:44 UTC 2024
Tue Jan 16 01:03:29 UTC 2024
Wed Jan 17 01:03:51 UTC 2024
Thu Jan 18 01:03:17 UTC 2024
Fri Jan 19 01:04:02 UTC 2024
Sat Jan 20 01:02:53 UTC 2024
Sun Jan 21 01:08:41 UTC 2024
Mon Jan 22 01:06:35 UTC 2024
Tue Jan 23 01:05:04 UTC 2024
Wed Jan 24 01:04:41 UTC 2024
Thu Jan 25 01:04:53 UTC 2024
Fri Jan 26 01:00:05 UTC 2024
Sat Jan 27 00:58:23 UTC 2024
Sun Jan 28 01:03:32 UTC 2024
Mon Jan 29 00:59:37 UTC 2024
Tue Jan 30 00:58:53 UTC 2024
Wed Jan 31 00:59:20 UTC 2024
Thu Feb  1 01:02:18 UTC 2024
Fri Feb  2 00:59:07 UTC 2024
Sat Feb  3 00:58:06 UTC 2024
Sun Feb  4 01:03:10 UTC 2024
Mon Feb  5 01:00:52 UTC 2024
Tue Feb  6 00:58:50 UTC 2024
Wed Feb  7 00:57:14 UTC 2024
Thu Feb  8 00:58:05 UTC 2024
Fri Feb  9 00:58:09 UTC 2024
Sat Feb 10 00:57:04 UTC 2024
Sun Feb 11 01:03:17 UTC 2024
Mon Feb 12 00:59:14 UTC 2024
Tue Feb 13 00:59:16 UTC 2024
Wed Feb 14 00:59:24 UTC 2024
Thu Feb 15 00:59:02 UTC 2024
Fri Feb 16 00:58:40 UTC 2024
Sat Feb 17 00:57:59 UTC 2024
Sun Feb 18 01:02:28 UTC 2024
Mon Feb 19 00:59:52 UTC 2024
Tue Feb 20 00:57:51 UTC 2024
Wed Feb 21 00:59:06 UTC 2024
Thu Feb 22 00:58:11 UTC 2024
Fri Feb 23 00:57:42 UTC 2024
Sat Feb 24 00:56:06 UTC 2024
Sun Feb 25 01:02:24 UTC 2024
Mon Feb 26 00:59:36 UTC 2024
Tue Feb 27 00:57:56 UTC 2024
Wed Feb 28 00:57:41 UTC 2024
Thu Feb 29 00:57:51 UTC 2024
Fri Mar  1 01:04:10 UTC 2024
Sat Mar  2 00:57:10 UTC 2024
Sun Mar  3 01:01:42 UTC 2024
Mon Mar  4 00:59:24 UTC 2024
Tue Mar  5 00:58:10 UTC 2024
Wed Mar  6 00:58:36 UTC 2024
Thu Mar  7 00:49:02 UTC 2024
Fri Mar  8 00:58:18 UTC 2024
Sat Mar  9 00:56:25 UTC 2024
Sun Mar 10 01:02:35 UTC 2024
Mon Mar 11 00:59:45 UTC 2024
Tue Mar 12 00:58:13 UTC 2024
Wed Mar 13 00:59:44 UTC 2024
Thu Mar 14 00:58:41 UTC 2024
Fri Mar 15 00:59:20 UTC 2024
Sat Mar 16 00:57:38 UTC 2024
Sun Mar 17 01:02:43 UTC 2024
Mon Mar 18 01:00:01 UTC 2024
Tue Mar 19 00:58:47 UTC 2024
Wed Mar 20 00:58:29 UTC 2024
Thu Mar 21 01:00:16 UTC 2024
Fri Mar 22 00:58:52 UTC 2024
Sat Mar 23 00:57:44 UTC 2024
Sun Mar 24 01:04:53 UTC 2024
Mon Mar 25 01:00:57 UTC 2024
Tue Mar 26 00:59:01 UTC 2024
Wed Mar 27 00:59:03 UTC 2024
Thu Mar 28 00:59:25 UTC 2024
Fri Mar 29 00:59:35 UTC 2024
Sat Mar 30 00:57:28 UTC 2024
Sun Mar 31 01:05:06 UTC 2024
Mon Apr  1 01:05:14 UTC 2024
Tue Apr  2 01:02:29 UTC 2024
Wed Apr  3 00:58:58 UTC 2024
Thu Apr  4 01:00:54 UTC 2024
Fri Apr  5 01:00:00 UTC 2024
Sat Apr  6 00:58:26 UTC 2024
Sun Apr  7 01:05:09 UTC 2024
Mon Apr  8 01:01:01 UTC 2024
Tue Apr  9 01:00:25 UTC 2024
Wed Apr 10 00:59:38 UTC 2024
Thu Apr 11 01:00:39 UTC 2024
Fri Apr 12 01:00:48 UTC 2024
Sat Apr 13 00:50:31 UTC 2024
Sun Apr 14 01:23:07 UTC 2024
Mon Apr 15 03:21:34 UTC 2024
Tue Apr 16 00:59:55 UTC 2024
Wed Apr 17 01:00:40 UTC 2024
Thu Apr 18 01:00:00 UTC 2024
Fri Apr 19 01:00:32 UTC 2024
Sat Apr 20 01:00:37 UTC 2024
Sun Apr 21 01:05:20 UTC 2024
Mon Apr 22 01:02:47 UTC 2024
Tue Apr 23 01:01:47 UTC 2024
Wed Apr 24 01:01:41 UTC 2024
Thu Apr 25 01:03:17 UTC 2024
Fri Apr 26 01:01:08 UTC 2024
Sat Apr 27 01:00:27 UTC 2024
Sun Apr 28 01:06:00 UTC 2024
Mon Apr 29 01:02:34 UTC 2024
Tue Apr 30 01:01:10 UTC 2024
Wed May  1 01:06:08 UTC 2024
Thu May  2 01:01:10 UTC 2024
Fri May  3 01:04:20 UTC 2024
Sat May  4 01:01:13 UTC 2024
Sun May  5 01:05:58 UTC 2024
Mon May  6 01:03:11 UTC 2024
Tue May  7 01:02:12 UTC 2024
Wed May  8 00:52:09 UTC 2024
Thu May  9 01:02:35 UTC 2024
Fri May 10 01:02:59 UTC 2024
Sat May 11 01:02:21 UTC 2024
Sun May 12 01:07:51 UTC 2024
Mon May 13 01:04:45 UTC 2024
Tue May 14 01:03:22 UTC 2024
Wed May 15 01:03:45 UTC 2024
Thu May 16 01:03:34 UTC 2024
Fri May 17 01:03:54 UTC 2024
Sat May 18 01:02:39 UTC 2024
Sun May 19 01:08:00 UTC 2024
Mon May 20 01:04:08 UTC 2024
Tue May 21 01:03:43 UTC 2024
Wed May 22 01:04:10 UTC 2024
Thu May 23 01:03:32 UTC 2024
Fri May 24 01:04:03 UTC 2024
Sat May 25 01:02:49 UTC 2024
Sun May 26 01:08:57 UTC 2024
Mon May 27 01:05:15 UTC 2024
Tue May 28 01:04:17 UTC 2024
Wed May 29 01:07:40 UTC 2024
Thu May 30 01:04:54 UTC 2024
Fri May 31 01:05:27 UTC 2024
Sat Jun  1 01:08:41 UTC 2024
Sun Jun  2 01:09:17 UTC 2024
Mon Jun  3 01:06:20 UTC 2024
Tue Jun  4 01:05:40 UTC 2024
Wed Jun  5 01:05:16 UTC 2024
Thu Jun  6 01:05:06 UTC 2024
Fri Jun  7 01:07:45 UTC 2024
Sat Jun  8 01:05:22 UTC 2024
Sun Jun  9 01:11:34 UTC 2024
Mon Jun 10 01:07:53 UTC 2024
Tue Jun 11 01:06:36 UTC 2024
Wed Jun 12 01:06:39 UTC 2024
Thu Jun 13 01:06:04 UTC 2024
Fri Jun 14 01:06:06 UTC 2024
Sat Jun 15 01:06:05 UTC 2024
Sun Jun 16 01:11:32 UTC 2024
Mon Jun 17 01:08:40 UTC 2024
Tue Jun 18 01:06:53 UTC 2024
Wed Jun 19 01:06:57 UTC 2024
Thu Jun 20 01:05:07 UTC 2024
Fri Jun 21 01:05:39 UTC 2024
Sat Jun 22 01:05:13 UTC 2024
Sun Jun 23 01:10:36 UTC 2024
Mon Jun 24 01:07:53 UTC 2024
Tue Jun 25 01:06:29 UTC 2024
Wed Jun 26 01:06:34 UTC 2024
Thu Jun 27 01:06:44 UTC 2024
Fri Jun 28 01:06:48 UTC 2024
Sat Jun 29 01:05:34 UTC 2024
Sun Jun 30 01:12:25 UTC 2024
Mon Jul  1 01:14:31 UTC 2024
Tue Jul  2 01:07:19 UTC 2024
Wed Jul  3 01:07:02 UTC 2024
Thu Jul  4 01:07:13 UTC 2024
Fri Jul  5 01:07:05 UTC 2024
Sat Jul  6 01:05:30 UTC 2024
Sun Jul  7 01:13:00 UTC 2024
Mon Jul  8 01:09:22 UTC 2024
Tue Jul  9 01:08:07 UTC 2024
Wed Jul 10 01:08:39 UTC 2024
Thu Jul 11 01:08:53 UTC 2024
Fri Jul 12 01:07:28 UTC 2024
Sat Jul 13 01:08:43 UTC 2024
Sun Jul 14 01:13:57 UTC 2024
Mon Jul 15 01:10:25 UTC 2024
Tue Jul 16 01:09:51 UTC 2024
Wed Jul 17 01:09:06 UTC 2024
Thu Jul 18 01:07:39 UTC 2024
Fri Jul 19 02:03:32 UTC 2024
Sat Jul 20 01:07:18 UTC 2024
Sun Jul 21 01:13:53 UTC 2024
Mon Jul 22 01:11:07 UTC 2024
Tue Jul 23 01:09:07 UTC 2024
Wed Jul 24 01:09:41 UTC 2024
Thu Jul 25 01:08:53 UTC 2024
Fri Jul 26 01:08:13 UTC 2024
Sat Jul 27 01:07:44 UTC 2024
Sun Jul 28 01:14:12 UTC 2024
Mon Jul 29 01:10:55 UTC 2024
Tue Jul 30 01:09:07 UTC 2024
Wed Jul 31 00:57:31 UTC 2024
Thu Aug  1 01:15:07 UTC 2024
Fri Aug  2 01:09:00 UTC 2024
Sat Aug  3 01:08:18 UTC 2024
Sun Aug  4 01:14:29 UTC 2024
Mon Aug  5 01:11:14 UTC 2024
Tue Aug  6 01:09:31 UTC 2024
Wed Aug  7 01:10:18 UTC 2024
Thu Aug  8 01:09:56 UTC 2024
Fri Aug  9 01:11:00 UTC 2024
Sat Aug 10 01:10:33 UTC 2024
Sun Aug 11 01:15:40 UTC 2024
Mon Aug 12 01:12:04 UTC 2024
Tue Aug 13 01:11:35 UTC 2024
Wed Aug 14 01:10:41 UTC 2024
Thu Aug 15 01:07:11 UTC 2024
Fri Aug 16 01:09:56 UTC 2024
Sat Aug 17 01:07:56 UTC 2024
Sun Aug 18 01:14:23 UTC 2024
Mon Aug 19 01:11:29 UTC 2024
Tue Aug 20 01:09:55 UTC 2024
Wed Aug 21 01:09:56 UTC 2024
Thu Aug 22 01:11:39 UTC 2024
Fri Aug 23 01:10:37 UTC 2024
Sat Aug 24 01:09:08 UTC 2024
Sun Aug 25 01:16:16 UTC 2024
Mon Aug 26 01:11:25 UTC 2024
Tue Aug 27 01:11:58 UTC 2024
Wed Aug 28 01:12:28 UTC 2024
Thu Aug 29 01:13:08 UTC 2024
Fri Aug 30 01:13:11 UTC 2024
Sat Aug 31 01:12:49 UTC 2024
Sun Sep  1 01:24:32 UTC 2024
Mon Sep  2 01:14:47 UTC 2024
Tue Sep  3 01:12:37 UTC 2024
Wed Sep  4 01:13:42 UTC 2024
Thu Sep  5 01:13:37 UTC 2024
Fri Sep  6 01:13:47 UTC 2024
Sat Sep  7 01:12:21 UTC 2024
Sun Sep  8 01:19:24 UTC 2024
Mon Sep  9 01:16:00 UTC 2024
Tue Sep 10 01:14:43 UTC 2024
Wed Sep 11 01:13:56 UTC 2024
Thu Sep 12 01:14:04 UTC 2024
Fri Sep 13 01:14:39 UTC 2024
Sat Sep 14 01:13:18 UTC 2024
Sun Sep 15 01:22:06 UTC 2024
Mon Sep 16 01:19:01 UTC 2024
Tue Sep 17 01:02:14 UTC 2024
Wed Sep 18 01:14:24 UTC 2024
Thu Sep 19 01:15:54 UTC 2024
Fri Sep 20 01:15:35 UTC 2024
Sat Sep 21 01:14:27 UTC 2024
Sun Sep 22 01:22:36 UTC 2024
Mon Sep 23 01:17:38 UTC 2024
Tue Sep 24 01:18:00 UTC 2024
Wed Sep 25 01:18:54 UTC 2024
Thu Sep 26 01:17:17 UTC 2024
Fri Sep 27 01:18:00 UTC 2024
Sat Sep 28 01:17:14 UTC 2024
Sun Sep 29 01:23:42 UTC 2024
Mon Sep 30 01:20:04 UTC 2024
Tue Oct  1 01:24:55 UTC 2024
Wed Oct  2 01:17:47 UTC 2024
Thu Oct  3 01:17:57 UTC 2024
Fri Oct  4 01:17:48 UTC 2024
Sat Oct  5 01:16:52 UTC 2024
Sun Oct  6 01:23:17 UTC 2024
Mon Oct  7 01:20:08 UTC 2024
Tue Oct  8 01:17:44 UTC 2024
Wed Oct  9 01:17:30 UTC 2024
Thu Oct 10 01:17:21 UTC 2024
Fri Oct 11 01:17:39 UTC 2024
Sat Oct 12 01:15:52 UTC 2024
Sun Oct 13 01:22:52 UTC 2024
Mon Oct 14 01:19:50 UTC 2024
Tue Oct 15 01:18:53 UTC 2024
Wed Oct 16 01:18:58 UTC 2024
Thu Oct 17 01:18:04 UTC 2024
Fri Oct 18 01:18:13 UTC 2024
Sat Oct 19 01:17:07 UTC 2024
Sun Oct 20 01:24:26 UTC 2024
Mon Oct 21 01:20:01 UTC 2024
Tue Oct 22 01:18:55 UTC 2024
Wed Oct 23 01:17:49 UTC 2024
Thu Oct 24 01:18:05 UTC 2024
Fri Oct 25 01:18:51 UTC 2024
Sat Oct 26 01:16:23 UTC 2024
Sun Oct 27 01:23:51 UTC 2024
Mon Oct 28 01:21:12 UTC 2024
Tue Oct 29 01:20:03 UTC 2024
Wed Oct 30 01:19:03 UTC 2024
Thu Oct 31 01:19:43 UTC 2024
Fri Nov  1 01:24:19 UTC 2024
Sat Nov  2 01:17:07 UTC 2024
Sun Nov  3 01:23:33 UTC 2024
Mon Nov  4 01:20:12 UTC 2024
Tue Nov  5 01:16:46 UTC 2024
Wed Nov  6 01:16:33 UTC 2024
Thu Nov  7 01:16:56 UTC 2024
Fri Nov  8 01:17:02 UTC 2024
Sat Nov  9 01:15:07 UTC 2024
Sun Nov 10 01:21:37 UTC 2024
Mon Nov 11 01:18:29 UTC 2024
Tue Nov 12 01:16:08 UTC 2024
Wed Nov 13 01:17:36 UTC 2024
Thu Nov 14 01:17:42 UTC 2024
Fri Nov 15 01:22:30 UTC 2024
Sat Nov 16 01:20:32 UTC 2024
Sun Nov 17 01:26:17 UTC 2024
Mon Nov 18 01:23:46 UTC 2024
Tue Nov 19 01:22:27 UTC 2024
Wed Nov 20 01:21:27 UTC 2024
Thu Nov 21 01:21:23 UTC 2024
Fri Nov 22 01:22:38 UTC 2024
Sat Nov 23 01:20:09 UTC 2024
Sun Nov 24 01:26:53 UTC 2024
Mon Nov 25 01:23:31 UTC 2024
Tue Nov 26 01:22:53 UTC 2024
Wed Nov 27 01:24:13 UTC 2024
Thu Nov 28 01:23:44 UTC 2024
Fri Nov 29 01:23:33 UTC 2024
Sat Nov 30 01:21:39 UTC 2024
Sun Dec  1 01:44:02 UTC 2024
Mon Dec  2 01:26:26 UTC 2024
Tue Dec  3 01:25:13 UTC 2024
Wed Dec  4 01:25:26 UTC 2024
Thu Dec  5 01:25:29 UTC 2024
Fri Dec  6 01:24:25 UTC 2024
Sat Dec  7 01:24:01 UTC 2024
Sun Dec  8 01:38:21 UTC 2024
Mon Dec  9 01:27:26 UTC 2024
Tue Dec 10 01:26:20 UTC 2024
Wed Dec 11 01:25:15 UTC 2024
Thu Dec 12 01:24:47 UTC 2024
Fri Dec 13 01:26:08 UTC 2024
Sat Dec 14 01:22:42 UTC 2024
Sun Dec 15 01:38:12 UTC 2024
Mon Dec 16 01:35:50 UTC 2024
Tue Dec 17 01:25:04 UTC 2024
Wed Dec 18 01:22:01 UTC 2024
Thu Dec 19 01:22:45 UTC 2024
Fri Dec 20 01:18:46 UTC 2024
Sat Dec 21 01:17:13 UTC 2024
Sun Dec 22 01:24:28 UTC 2024
Mon Dec 23 01:19:48 UTC 2024
Tue Dec 24 01:18:21 UTC 2024
Wed Dec 25 01:17:25 UTC 2024
Thu Dec 26 01:17:40 UTC 2024
Fri Dec 27 01:18:09 UTC 2024
Sat Dec 28 01:16:46 UTC 2024
Sun Dec 29 01:25:08 UTC 2024
Mon Dec 30 01:20:25 UTC 2024
Tue Dec 31 01:17:54 UTC 2024
Wed Jan  1 01:24:28 UTC 2025
Thu Jan  2 01:17:44 UTC 2025
Fri Jan  3 01:18:34 UTC 2025
Sat Jan  4 01:17:01 UTC 2025
Sun Jan  5 01:24:24 UTC 2025
Mon Jan  6 01:21:50 UTC 2025
Tue Jan  7 01:19:04 UTC 2025
Wed Jan  8 01:18:40 UTC 2025
Thu Jan  9 01:18:09 UTC 2025
Fri Jan 10 01:20:32 UTC 2025
Sat Jan 11 01:18:53 UTC 2025
Sun Jan 12 01:25:36 UTC 2025
Mon Jan 13 01:22:29 UTC 2025
Tue Jan 14 01:15:16 UTC 2025
Wed Jan 15 01:16:59 UTC 2025
Thu Jan 16 01:16:15 UTC 2025
Fri Jan 17 01:15:52 UTC 2025
Sat Jan 18 01:14:05 UTC 2025
Sun Jan 19 01:21:46 UTC 2025
Mon Jan 20 01:17:40 UTC 2025
Tue Jan 21 01:16:14 UTC 2025
Wed Jan 22 01:18:04 UTC 2025
Thu Jan 23 01:16:25 UTC 2025
Fri Jan 24 01:16:41 UTC 2025
Sat Jan 25 01:13:00 UTC 2025
Sun Jan 26 01:18:57 UTC 2025
Mon Jan 27 01:17:49 UTC 2025
Tue Jan 28 01:16:21 UTC 2025
Wed Jan 29 01:16:18 UTC 2025
Thu Jan 30 01:15:34 UTC 2025
Fri Jan 31 01:16:53 UTC 2025
Sat Feb  1 01:20:44 UTC 2025
Sun Feb  2 01:20:23 UTC 2025
Mon Feb  3 01:17:43 UTC 2025
Tue Feb  4 01:16:46 UTC 2025
Wed Feb  5 01:17:49 UTC 2025
Thu Feb  6 01:17:57 UTC 2025
Fri Feb  7 01:18:02 UTC 2025
Sat Feb  8 01:15:46 UTC 2025
Sun Feb  9 01:21:37 UTC 2025
Mon Feb 10 01:18:59 UTC 2025
Tue Feb 11 01:17:37 UTC 2025
Wed Feb 12 01:17:57 UTC 2025
Thu Feb 13 01:18:18 UTC 2025
Fri Feb 14 01:18:01 UTC 2025
Sat Feb 15 01:17:08 UTC 2025
Sun Feb 16 01:24:10 UTC 2025
Mon Feb 17 01:20:47 UTC 2025
Tue Feb 18 01:18:04 UTC 2025
Wed Feb 19 01:18:37 UTC 2025
Thu Feb 20 01:18:46 UTC 2025
Fri Feb 21 01:19:01 UTC 2025
Sat Feb 22 01:16:43 UTC 2025
Sun Feb 23 01:23:59 UTC 2025
Mon Feb 24 01:20:56 UTC 2025
Tue Feb 25 01:20:18 UTC 2025
Wed Feb 26 01:19:59 UTC 2025
Thu Feb 27 01:20:15 UTC 2025
Fri Feb 28 01:20:31 UTC 2025
Sat Mar  1 01:25:28 UTC 2025
Sun Mar  2 01:24:52 UTC 2025
Mon Mar  3 01:22:49 UTC 2025
Tue Mar  4 01:21:32 UTC 2025
Wed Mar  5 01:21:27 UTC 2025
Thu Mar  6 01:21:55 UTC 2025
Fri Mar  7 01:22:11 UTC 2025
Sat Mar  8 01:05:47 UTC 2025
Sun Mar  9 01:11:24 UTC 2025
Mon Mar 10 01:09:13 UTC 2025
Tue Mar 11 01:22:15 UTC 2025
Wed Mar 12 01:21:18 UTC 2025
Thu Mar 13 01:22:50 UTC 2025
Fri Mar 14 01:21:14 UTC 2025
Sat Mar 15 01:20:59 UTC 2025
Sun Mar 16 01:34:53 UTC 2025
Mon Mar 17 01:24:42 UTC 2025
Tue Mar 18 01:22:43 UTC 2025
Wed Mar 19 01:23:19 UTC 2025
Thu Mar 20 01:22:05 UTC 2025
Fri Mar 21 01:23:57 UTC 2025
Sat Mar 22 01:21:47 UTC 2025
Sun Mar 23 01:35:44 UTC 2025
Mon Mar 24 01:25:37 UTC 2025
Tue Mar 25 01:24:22 UTC 2025
Wed Mar 26 01:23:48 UTC 2025
Thu Mar 27 01:23:34 UTC 2025
Fri Mar 28 01:23:32 UTC 2025
Sat Mar 29 01:23:00 UTC 2025
Sun Mar 30 01:37:45 UTC 2025
Mon Mar 31 01:36:21 UTC 2025
Tue Apr  1 01:42:07 UTC 2025
Wed Apr  2 01:25:33 UTC 2025
Thu Apr  3 01:24:11 UTC 2025
Fri Apr  4 01:24:08 UTC 2025
Sat Apr  5 01:23:06 UTC 2025
Sun Apr  6 01:36:41 UTC 2025
Mon Apr  7 01:26:51 UTC 2025
Tue Apr  8 01:24:31 UTC 2025
Wed Apr  9 01:25:08 UTC 2025
Thu Apr 10 01:24:42 UTC 2025
Fri Apr 11 01:25:18 UTC 2025
Sat Apr 12 01:23:30 UTC 2025
Sun Apr 13 02:52:42 UTC 2025
Mon Apr 14 01:36:24 UTC 2025
Tue Apr 15 01:27:25 UTC 2025
Wed Apr 16 01:26:53 UTC 2025
Thu Apr 17 01:25:52 UTC 2025
Fri Apr 18 01:25:02 UTC 2025
Sat Apr 19 01:22:45 UTC 2025
Sun Apr 20 01:39:21 UTC 2025
Mon Apr 21 01:38:34 UTC 2025
Tue Apr 22 01:26:32 UTC 2025
Wed Apr 23 01:26:41 UTC 2025
Thu Apr 24 01:26:52 UTC 2025
Fri Apr 25 01:27:52 UTC 2025
Sat Apr 26 01:24:27 UTC 2025
Sun Apr 27 01:39:47 UTC 2025
Mon Apr 28 01:38:07 UTC 2025
Tue Apr 29 01:27:36 UTC 2025
Wed Apr 30 01:27:34 UTC 2025
Thu May  1 01:43:36 UTC 2025
Fri May  2 01:36:17 UTC 2025
Sat May  3 01:25:56 UTC 2025
Sun May  4 01:44:07 UTC 2025
Mon May  5 01:40:11 UTC 2025
Tue May  6 01:36:48 UTC 2025
Wed May  7 01:37:44 UTC 2025
Thu May  8 01:38:10 UTC 2025
Fri May  9 01:37:28 UTC 2025
Sat May 10 01:26:03 UTC 2025
Sun May 11 01:42:19 UTC 2025
Mon May 12 01:41:21 UTC 2025
Tue May 13 01:38:45 UTC 2025
Wed May 14 01:37:37 UTC 2025
Thu May 15 01:27:10 UTC 2025
Fri May 16 01:38:42 UTC 2025
Sat May 17 01:36:00 UTC 2025
Sun May 18 01:43:31 UTC 2025
Mon May 19 01:42:55 UTC 2025
Tue May 20 01:39:34 UTC 2025
Wed May 21 01:39:06 UTC 2025
Thu May 22 01:38:17 UTC 2025
Fri May 23 01:38:26 UTC 2025
Sat May 24 01:27:17 UTC 2025
Sun May 25 01:45:57 UTC 2025
Mon May 26 01:41:32 UTC 2025
Tue May 27 01:37:45 UTC 2025
Wed May 28 01:39:28 UTC 2025
Thu May 29 01:39:08 UTC 2025
Fri May 30 01:36:58 UTC 2025
Sat May 31 01:36:33 UTC 2025
Sun Jun  1 00:28:46 UTC 2025
Mon Jun  2 00:24:16 UTC 2025
Tue Jun  3 00:23:22 UTC 2025
Wed Jun  4 00:23:16 UTC 2025
Thu Jun  5 00:23:01 UTC 2025
Fri Jun  6 00:22:46 UTC 2025
Sat Jun  7 00:22:46 UTC 2025
Sun Jun  8 00:25:44 UTC 2025
Mon Jun  9 00:24:46 UTC 2025
Tue Jun 10 00:23:14 UTC 2025
Wed Jun 11 00:23:14 UTC 2025
Thu Jun 12 00:22:52 UTC 2025
Fri Jun 13 00:23:20 UTC 2025
Sat Jun 14 00:22:29 UTC 2025
Sun Jun 15 00:26:06 UTC 2025
Mon Jun 16 00:24:30 UTC 2025
Tue Jun 17 00:23:18 UTC 2025
Wed Jun 18 00:23:18 UTC 2025
Thu Jun 19 00:23:24 UTC 2025
Fri Jun 20 00:23:01 UTC 2025
Sat Jun 21 00:23:06 UTC 2025
Sun Jun 22 00:25:51 UTC 2025
Mon Jun 23 00:25:15 UTC 2025
Tue Jun 24 00:23:27 UTC 2025
Wed Jun 25 00:23:31 UTC 2025
Thu Jun 26 00:23:23 UTC 2025
Fri Jun 27 00:23:51 UTC 2025
Sat Jun 28 00:22:35 UTC 2025
Sun Jun 29 00:26:34 UTC 2025
Mon Jun 30 00:25:18 UTC 2025
Tue Jul  1 00:26:59 UTC 2025
Wed Jul  2 00:23:22 UTC 2025
Thu Jul  3 00:23:50 UTC 2025
Fri Jul  4 00:23:19 UTC 2025
Sat Jul  5 00:22:13 UTC 2025
Sun Jul  6 00:26:10 UTC 2025
Mon Jul  7 00:25:31 UTC 2025
Tue Jul  8 00:23:26 UTC 2025
Wed Jul  9 00:24:11 UTC 2025
Thu Jul 10 00:23:50 UTC 2025
Fri Jul 11 00:24:02 UTC 2025
Sat Jul 12 00:23:18 UTC 2025
Sun Jul 13 00:26:59 UTC 2025
Mon Jul 14 00:25:44 UTC 2025
Tue Jul 15 00:24:50 UTC 2025
Wed Jul 16 00:24:26 UTC 2025
Thu Jul 17 00:24:56 UTC 2025
Fri Jul 18 00:24:19 UTC 2025
Sat Jul 19 00:23:56 UTC 2025
Sun Jul 20 00:27:29 UTC 2025
Mon Jul 21 00:26:40 UTC 2025
Tue Jul 22 00:25:02 UTC 2025
Wed Jul 23 00:24:53 UTC 2025
Thu Jul 24 00:25:04 UTC 2025
Fri Jul 25 00:24:57 UTC 2025
Sat Jul 26 00:23:49 UTC 2025
Sun Jul 27 00:27:29 UTC 2025
Mon Jul 28 00:26:46 UTC 2025
Tue Jul 29 00:27:09 UTC 2025
Wed Jul 30 00:25:13 UTC 2025
Thu Jul 31 00:24:41 UTC 2025
Fri Aug  1 00:28:30 UTC 2025
Sat Aug  2 00:24:01 UTC 2025
Sun Aug  3 00:28:06 UTC 2025
Mon Aug  4 00:27:33 UTC 2025
Tue Aug  5 00:25:40 UTC 2025
Wed Aug  6 00:25:23 UTC 2025
Thu Aug  7 00:25:28 UTC 2025
Fri Aug  8 00:25:12 UTC 2025
Sat Aug  9 00:22:57 UTC 2025
Sun Aug 10 00:27:04 UTC 2025
Mon Aug 11 00:26:15 UTC 2025
Tue Aug 12 00:23:09 UTC 2025
Wed Aug 13 00:23:48 UTC 2025
Thu Aug 14 00:23:24 UTC 2025
Fri Aug 15 00:24:16 UTC 2025
Sat Aug 16 00:22:23 UTC 2025
Sun Aug 17 00:25:51 UTC 2025
Mon Aug 18 00:25:46 UTC 2025
Tue Aug 19 00:23:03 UTC 2025
Wed Aug 20 00:22:08 UTC 2025
Thu Aug 21 00:21:18 UTC 2025
Fri Aug 22 00:22:11 UTC 2025
Sat Aug 23 00:21:36 UTC 2025
Sun Aug 24 00:24:52 UTC 2025
Mon Aug 25 00:23:40 UTC 2025
Tue Aug 26 00:22:15 UTC 2025
Wed Aug 27 00:22:14 UTC 2025
Thu Aug 28 00:21:53 UTC 2025
Fri Aug 29 00:21:53 UTC 2025
Sat Aug 30 00:21:00 UTC 2025
Sun Aug 31 00:24:24 UTC 2025
Mon Sep  1 00:27:15 UTC 2025
Tue Sep  2 00:21:49 UTC 2025
Wed Sep  3 00:20:33 UTC 2025
Thu Sep  4 00:20:45 UTC 2025
Fri Sep  5 00:21:43 UTC 2025
Sat Sep  6 00:20:26 UTC 2025
Sun Sep  7 00:23:30 UTC 2025
Mon Sep  8 00:22:53 UTC 2025
Tue Sep  9 00:21:48 UTC 2025
Wed Sep 10 00:21:05 UTC 2025
Thu Sep 11 00:21:26 UTC 2025
Fri Sep 12 00:21:12 UTC 2025
Sat Sep 13 00:19:23 UTC 2025
Sun Sep 14 00:23:00 UTC 2025
Mon Sep 15 00:23:07 UTC 2025
Tue Sep 16 00:20:38 UTC 2025
Wed Sep 17 00:21:35 UTC 2025
Thu Sep 18 00:20:52 UTC 2025
Fri Sep 19 00:21:22 UTC 2025
Sat Sep 20 00:20:10 UTC 2025
Sun Sep 21 00:23:32 UTC 2025
Mon Sep 22 00:23:34 UTC 2025
Tue Sep 23 00:21:21 UTC 2025
Wed Sep 24 00:21:33 UTC 2025
Thu Sep 25 00:21:10 UTC 2025
Fri Sep 26 00:20:52 UTC 2025
Sat Sep 27 00:20:38 UTC 2025
Sun Sep 28 00:24:13 UTC 2025
Mon Sep 29 00:22:20 UTC 2025
Tue Sep 30 00:21:31 UTC 2025
Wed Oct  1 00:24:39 UTC 2025
Thu Oct  2 00:20:39 UTC 2025
Fri Oct  3 00:20:32 UTC 2025
Sat Oct  4 00:20:09 UTC 2025
Sun Oct  5 00:23:41 UTC 2025
Mon Oct  6 00:21:59 UTC 2025
Tue Oct  7 00:21:36 UTC 2025
Wed Oct  8 00:21:24 UTC 2025
Thu Oct  9 00:21:30 UTC 2025
Fri Oct 10 00:21:50 UTC 2025
Sat Oct 11 00:20:09 UTC 2025
Sun Oct 12 00:22:42 UTC 2025
Mon Oct 13 00:23:21 UTC 2025
Tue Oct 14 00:21:10 UTC 2025
Wed Oct 15 00:22:13 UTC 2025
Thu Oct 16 00:22:32 UTC 2025
Fri Oct 17 00:22:08 UTC 2025
Sat Oct 18 00:20:12 UTC 2025
Sun Oct 19 00:24:40 UTC 2025
Mon Oct 20 00:23:50 UTC 2025
Tue Oct 21 00:22:21 UTC 2025
Wed Oct 22 00:22:37 UTC 2025
Thu Oct 23 00:21:56 UTC 2025
Fri Oct 24 00:20:14 UTC 2025
Sat Oct 25 00:21:42 UTC 2025
Sun Oct 26 00:23:41 UTC 2025
Mon Oct 27 00:24:31 UTC 2025
Tue Oct 28 00:21:28 UTC 2025
Wed Oct 29 00:23:00 UTC 2025
Thu Oct 30 00:23:08 UTC 2025
Fri Oct 31 00:22:21 UTC 2025
Sat Nov  1 00:24:58 UTC 2025
Sun Nov  2 00:24:41 UTC 2025
Mon Nov  3 00:34:15 UTC 2025
Tue Nov  4 00:22:23 UTC 2025
Wed Nov  5 00:23:19 UTC 2025
Thu Nov  6 00:22:43 UTC 2025
Fri Nov  7 00:23:00 UTC 2025
Sat Nov  8 00:21:18 UTC 2025
Sun Nov  9 00:24:53 UTC 2025
Mon Nov 10 00:24:15 UTC 2025
Tue Nov 11 00:23:35 UTC 2025
Wed Nov 12 00:23:12 UTC 2025
Thu Nov 13 00:22:57 UTC 2025
Fri Nov 14 00:23:24 UTC 2025
Sat Nov 15 00:22:26 UTC 2025
Sun Nov 16 00:25:06 UTC 2025
Mon Nov 17 00:23:41 UTC 2025
Tue Nov 18 00:23:05 UTC 2025
Wed Nov 19 00:23:33 UTC 2025
